<?xml version="1.0" encoding="UTF-8"?>
<!-- Generated by org.testng.reporters.JUnitReportReporter -->
<testsuite hostname="LAPTOP-RHDH5POK" failures="0" tests="3" name="com.actitime.testcases.TC_004_CreateTypeofWork" time="45.778" errors="0" timestamp="2023-06-02T19:07:49 IST" skipped="0">
  <testcase classname="com.actitime.testcases.TC_004_CreateTypeofWork" name="createWork" time="25.192"/>
  <system-out/>
  <testcase classname="com.actitime.testcases.TC_004_CreateTypeofWork" name="login" time="14.052"/>
  <system-out>
    <![CDATA[Both title are matched]]>
  </system-out>
  <testcase classname="com.actitime.testcases.TC_004_CreateTypeofWork" name="logout" time="6.534"/>
  <system-out/>
</testsuite> <!-- com.actitime.testcases.TC_004_CreateTypeofWork -->
