<?xml version="1.0" encoding="UTF-8"?>
<!-- Generated by org.testng.reporters.JUnitReportReporter -->
<testsuite hostname="LAPTOP-RHDH5POK" failures="0" tests="3" name="com.actitime.testcases.TC_006_CreateLeave_Delete" time="47.643" errors="0" timestamp="2023-06-02T19:07:50 IST" skipped="0">
  <testcase classname="com.actitime.testcases.TC_006_CreateLeave_Delete" name="createLeave_delete" time="28.144"/>
  <system-out/>
  <testcase classname="com.actitime.testcases.TC_006_CreateLeave_Delete" name="logout" time="6.373"/>
  <system-out/>
  <testcase classname="com.actitime.testcases.TC_006_CreateLeave_Delete" name="login" time="13.126"/>
  <system-out>
    <![CDATA[Both title are matched]]>
  </system-out>
</testsuite> <!-- com.actitime.testcases.TC_006_CreateLeave_Delete -->
