<?xml version="1.0" encoding="UTF-8"?>
<!-- Generated by org.testng.reporters.JUnitReportReporter -->
<testsuite hostname="LAPTOP-RHDH5POK" failures="0" tests="3" name="com.actitime.testcases.TC_002_CreateCustomer" time="47.388" errors="0" timestamp="2023-06-02T19:07:49 IST" skipped="0">
  <testcase classname="com.actitime.testcases.TC_002_CreateCustomer" name="createCustomer" time="12.960"/>
  <system-out>
    <![CDATA[Both title are matched]]>
  </system-out>
  <testcase classname="com.actitime.testcases.TC_002_CreateCustomer" name="createCustomers" time="28.496"/>
  <system-out/>
  <testcase classname="com.actitime.testcases.TC_002_CreateCustomer" name="logout" time="5.932"/>
  <system-out/>
</testsuite> <!-- com.actitime.testcases.TC_002_CreateCustomer -->
