<?xml version="1.0" encoding="UTF-8"?>
<!-- Generated by org.testng.reporters.JUnitReportReporter -->
<testsuite hostname="LAPTOP-RHDH5POK" failures="0" tests="3" name="com.actitime.testcases.TC_003_DeleteCustomer" time="68.091" errors="0" timestamp="2023-06-02T19:07:50 IST" skipped="0">
  <testcase classname="com.actitime.testcases.TC_003_DeleteCustomer" name="deleteCustomer" time="49.721"/>
  <system-out/>
  <testcase classname="com.actitime.testcases.TC_003_DeleteCustomer" name="login" time="12.569"/>
  <system-out>
    <![CDATA[Both title are matched]]>
  </system-out>
  <testcase classname="com.actitime.testcases.TC_003_DeleteCustomer" name="logout" time="5.801"/>
  <system-out/>
</testsuite> <!-- com.actitime.testcases.TC_003_DeleteCustomer -->
