<?xml version="1.0" encoding="UTF-8"?>
<!-- Generated by org.testng.reporters.JUnitReportReporter -->
<testsuite hostname="LAPTOP-RHDH5POK" failures="0" tests="3" name="com.actitime.testcases.TC_005_DeleteWork" time="37.805" errors="0" timestamp="2023-06-02T19:07:49 IST" skipped="0">
  <testcase classname="com.actitime.testcases.TC_005_DeleteWork" name="logout" time="7.594"/>
  <system-out/>
  <testcase classname="com.actitime.testcases.TC_005_DeleteWork" name="login" time="13.322"/>
  <system-out>
    <![CDATA[Both title are matched]]>
  </system-out>
  <testcase classname="com.actitime.testcases.TC_005_DeleteWork" name="deleteWork" time="16.889"/>
  <system-out/>
</testsuite> <!-- com.actitime.testcases.TC_005_DeleteWork -->
