<?xml version="1.0" encoding="UTF-8"?>
<!-- Generated by org.testng.reporters.JUnitReportReporter -->
<testsuite hostname="LAPTOP-RHDH5POK" failures="0" tests="2" name="com.actitime.testcases.TC_001_LOGIN_Actitime" time="19.831" errors="0" timestamp="2023-06-02T19:07:50 IST" skipped="0">
  <testcase classname="com.actitime.testcases.TC_001_LOGIN_Actitime" name="login" time="14.305"/>
  <system-out>
    <![CDATA[Both title are matched]]>
  </system-out>
  <testcase classname="com.actitime.testcases.TC_001_LOGIN_Actitime" name="logout" time="5.526"/>
  <system-out/>
</testsuite> <!-- com.actitime.testcases.TC_001_LOGIN_Actitime -->
